#0 building with "default" instance using docker driver

#1 [internal] load build definition from Dockerfile
#1 transferring dockerfile: 1.47kB done
#1 DONE 0.0s

#2 resolve image config for docker-image://docker.io/docker/dockerfile:1
#2 DONE 0.2s

#1 [internal] load build definition from Dockerfile
#1 transferring dockerfile: 1.47kB done
#1 DONE 0.0s

#3 docker-image://docker.io/docker/dockerfile:1@sha256:9857836c9ee4268391bb5b09f9f157f3c91bb15821bb77969642813b0d00518d
#3 CACHED

#4 [internal] load build definition from Dockerfile
#4 DONE 0.0s

#5 [internal] load metadata for docker.io/nvidia/cuda:12.9.0-runtime-ubuntu24.04
#5 DONE 0.2s

#6 [internal] load .dockerignore
#6 transferring context: 2B done
#6 DONE 0.0s

#7 [base 1/5] FROM docker.io/nvidia/cuda:12.9.0-runtime-ubuntu24.04@sha256:3540120e2c1c7c234194487bbcd491bf22da21215390fd4e497b95502c9e2277
#7 DONE 0.0s

#8 [base 3/5] RUN curl -Ls https://fsl.fmrib.ox.ac.uk/fsldownloads/fslconda/releases/getfsl.sh | sh -s -- /usr/local/fsl
#8 CACHED

#9 [base 2/5] RUN --mount=type=cache,target=/var/cache/apt         apt-get update -o Acquire::Retries=3         && apt-get install --no-install-recommends -y               ca-certificates               git               tini               tzdata               python3               bash               file               wget               curl               bzip2               dc               mesa-utils               pulseaudio               libquadmath0               libgtk2.0-0               firefox               libgomp1               xorg               vim         && ln -snf /usr/share/zoneinfo/Atlantic/Bermuda /etc/localtime         && echo $ TZ > /etc/timezone         && apt-get clean && rm -rf /var/lib/apt/lists/*
#9 CACHED

#10 [base 4/5] RUN echo 'FSLDIR=/usr/local/fsl\nPATH=${FSLDIR}/share/fsl/bin:${PATH}\nexport FSLDIR PATH\n. ${FSLDIR}/etc/fslconf/fsl.sh' >> /root/.bashrc
#10 CACHED

#11 [base 5/5] WORKDIR /home/robertw/fsl_workspace
#11 DONE 0.0s

#12 exporting to image
#12 exporting layers
#12 exporting layers 0.0s done
#12 writing image sha256:7951f3c8ed201143c78ca1224b55e8cfa370cbbec4b631e0d402908eb0a2a192 done
#12 naming to docker.io/library/fsl:dev done
#12 DONE 0.1s
